LOG:  database system was shut down at 2015-05-04 23:08:22 BST
LOG:  database system is ready to accept connections
LOG:  autovacuum launcher started
ERROR:  deadlock detected
DETAIL:  Process 39039 waits for ShareLock on transaction 11788758; blocked by process 39047.
	Process 39047 waits for ShareLock on transaction 11788759; blocked by process 39039.
	Process 39039: FETCH ALL IN mycursor
	Process 39047: FETCH ALL IN mycursor
HINT:  See server log for query details.
CONTEXT:  while updating tuple (8465,17) in relation "stock"
	SQL statement "UPDATE stock
	SET s_quantity = s_quantity - $1
	WHERE s_i_id = $2
	  AND s_w_id = $3"
STATEMENT:  FETCH ALL IN mycursor
ERROR:  deadlock detected
DETAIL:  Process 39204 waits for ShareLock on transaction 11803177; blocked by process 39209.
	Process 39209 waits for ShareLock on transaction 11803173; blocked by process 39204.
	Process 39204: FETCH ALL IN mycursor
	Process 39209: FETCH ALL IN mycursor
HINT:  See server log for query details.
CONTEXT:  while updating tuple (9223,82) in relation "stock"
	SQL statement "UPDATE stock
	SET s_quantity = s_quantity - $1
	WHERE s_i_id = $2
	  AND s_w_id = $3"
STATEMENT:  FETCH ALL IN mycursor
LOG:  received smart shutdown request
LOG:  autovacuum launcher shutting down
LOG:  shutting down
LOG:  database system is shut down
